# JRE version: OpenJDK Runtime Environment (8.0_242-b01) (build 1.8.0_242-release-1644-b01)
# Java VM: OpenJDK 64-Bit Server VM (25.242-b01 mixed mode windows-amd64 compressed oops)
Heap:
 PSYoungGen      total 297984K, used 266221K [0x00000000e0000000, 0x00000000f4200000, 0x0000000100000000)
  eden space 278528K, 88% used [0x00000000e0000000,0x00000000ef167778,0x00000000f1000000)
  from space 19456K, 99% used [0x00000000f1c00000,0x00000000f2eff1f8,0x00000000f2f00000)
  to   space 19456K, 0% used [0x00000000f2f00000,0x00000000f2f00000,0x00000000f4200000)
 ParOldGen       total 120320K, used 76791K [0x00000000a0000000, 0x00000000a7580000, 0x00000000e0000000)
  object space 120320K, 63% used [0x00000000a0000000,0x00000000a4afdf68,0x00000000a7580000)
 Metaspace       used 92411K, capacity 95928K, committed 96088K, reserved 1132544K
  class space    used 11650K, capacity 12396K, committed 12416K, reserved 1048576K
GC Heap History (10 events):
Event: 147.969 GC heap before
{Heap before GC invocations=34 (full 3):
 PSYoungGen      total 289792K, used 278318K [0x00000000e0000000, 0x00000000f3280000, 0x0000000100000000)
  eden space 272896K, 100% used [0x00000000e0000000,0x00000000f0a80000,0x00000000f0a80000)
  from space 16896K, 32% used [0x00000000f2200000,0x00000000f274baf0,0x00000000f3280000)
  to   space 20480K, 0% used [0x00000000f0a80000,0x00000000f0a80000,0x00000000f1e80000)
 ParOldGen       total 120320K, used 54444K [0x00000000a0000000, 0x00000000a7580000, 0x00000000e0000000)
  object space 120320K, 45% used [0x00000000a0000000,0x00000000a352b208,0x00000000a7580000)
 Metaspace       used 80001K, capacity 82496K, committed 82776K, reserved 1122304K
  class space    used 10312K, capacity 10841K, committed 10880K, reserved 1048576K
Event: 147.990 GC heap after
Heap after GC invocations=34 (full 3):
 PSYoungGen      total 293376K, used 1243K [0x00000000e0000000, 0x00000000f5e80000, 0x0000000100000000)
  eden space 272896K, 0% used [0x00000000e0000000,0x00000000e0000000,0x00000000f0a80000)
  from space 20480K, 6% used [0x00000000f0a80000,0x00000000f0bb6e40,0x00000000f1e80000)
  to   space 20480K, 0% used [0x00000000f4a80000,0x00000000f4a80000,0x00000000f5e80000)
 ParOldGen       total 120320K, used 57146K [0x00000000a0000000, 0x00000000a7580000, 0x00000000e0000000)
  object space 120320K, 47% used [0x00000000a0000000,0x00000000a37ceae0,0x00000000a7580000)
 Metaspace       used 80001K, capacity 82496K, committed 82776K, reserved 1122304K
  class space    used 10312K, capacity 10841K, committed 10880K, reserved 1048576K
}
Event: 153.759 GC heap before
{Heap before GC invocations=35 (full 3):
 PSYoungGen      total 293376K, used 274139K [0x00000000e0000000, 0x00000000f5e80000, 0x0000000100000000)
  eden space 272896K, 100% used [0x00000000e0000000,0x00000000f0a80000,0x00000000f0a80000)
  from space 20480K, 6% used [0x00000000f0a80000,0x00000000f0bb6e40,0x00000000f1e80000)
  to   space 20480K, 0% used [0x00000000f4a80000,0x00000000f4a80000,0x00000000f5e80000)
 ParOldGen       total 120320K, used 57146K [0x00000000a0000000, 0x00000000a7580000, 0x00000000e0000000)
  object space 120320K, 47% used [0x00000000a0000000,0x00000000a37ceae0,0x00000000a7580000)
 Metaspace       used 80070K, capacity 82496K, committed 82776K, reserved 1122304K
  class space    used 10312K, capacity 10841K, committed 10880K, reserved 1048576K
Event: 153.770 GC heap after
Heap after GC invocations=35 (full 3):
 PSYoungGen      total 331264K, used 12672K [0x00000000e0000000, 0x00000000f5b80000, 0x0000000100000000)
  eden space 313856K, 0% used [0x00000000e0000000,0x00000000e0000000,0x00000000f3280000)
  from space 17408K, 72% used [0x00000000f4a80000,0x00000000f56e0010,0x00000000f5b80000)
  to   space 20992K, 0% used [0x00000000f3280000,0x00000000f3280000,0x00000000f4700000)
 ParOldGen       total 120320K, used 57574K [0x00000000a0000000, 0x00000000a7580000, 0x00000000e0000000)
  object space 120320K, 47% used [0x00000000a0000000,0x00000000a3839af0,0x00000000a7580000)
 Metaspace       used 80070K, capacity 82496K, committed 82776K, reserved 1122304K
  class space    used 10312K, capacity 10841K, committed 10880K, reserved 1048576K
}
Event: 162.986 GC heap before
{Heap before GC invocations=36 (full 3):
 PSYoungGen      total 331264K, used 326528K [0x00000000e0000000, 0x00000000f5b80000, 0x0000000100000000)
  eden space 313856K, 100% used [0x00000000e0000000,0x00000000f3280000,0x00000000f3280000)
  from space 17408K, 72% used [0x00000000f4a80000,0x00000000f56e0010,0x00000000f5b80000)
  to   space 20992K, 0% used [0x00000000f3280000,0x00000000f3280000,0x00000000f4700000)
 ParOldGen       total 120320K, used 57574K [0x00000000a0000000, 0x00000000a7580000, 0x00000000e0000000)
  object space 120320K, 47% used [0x00000000a0000000,0x00000000a3839af0,0x00000000a7580000)
 Metaspace       used 80070K, capacity 82496K, committed 82776K, reserved 1122304K
  class space    used 10312K, capacity 10841K, committed 10880K, reserved 1048576K
Event: 163.000 GC heap after
Heap after GC invocations=36 (full 3):
 PSYoungGen      total 302592K, used 672K [0x00000000e0000000, 0x00000000f4f80000, 0x0000000100000000)
  eden space 301568K, 0% used [0x00000000e0000000,0x00000000e0000000,0x00000000f2680000)
  from space 1024K, 65% used [0x00000000f3280000,0x00000000f3328000,0x00000000f3380000)
  to   space 20992K, 0% used [0x00000000f3b00000,0x00000000f3b00000,0x00000000f4f80000)
 ParOldGen       total 120320K, used 70114K [0x00000000a0000000, 0x00000000a7580000, 0x00000000e0000000)
  object space 120320K, 58% used [0x00000000a0000000,0x00000000a4478900,0x00000000a7580000)
 Metaspace       used 80070K, capacity 82496K, committed 82776K, reserved 1122304K
  class space    used 10312K, capacity 10841K, committed 10880K, reserved 1048576K
}
Event: 171.436 GC heap before
{Heap before GC invocations=37 (full 3):
 PSYoungGen      total 302592K, used 302240K [0x00000000e0000000, 0x00000000f4f80000, 0x0000000100000000)
  eden space 301568K, 100% used [0x00000000e0000000,0x00000000f2680000,0x00000000f2680000)
  from space 1024K, 65% used [0x00000000f3280000,0x00000000f3328000,0x00000000f3380000)
  to   space 20992K, 0% used [0x00000000f3b00000,0x00000000f3b00000,0x00000000f4f80000)
 ParOldGen       total 120320K, used 70114K [0x00000000a0000000, 0x00000000a7580000, 0x00000000e0000000)
  object space 120320K, 58% used [0x00000000a0000000,0x00000000a4478900,0x00000000a7580000)
 Metaspace       used 82462K, capacity 85342K, committed 85464K, reserved 1124352K
  class space    used 10600K, capacity 11146K, committed 11264K, reserved 1048576K
Event: 171.447 GC heap after
Heap after GC invocations=37 (full 3):
 PSYoungGen      total 296960K, used 7100K [0x00000000e0000000, 0x00000000f4200000, 0x0000000100000000)
  eden space 289792K, 0% used [0x00000000e0000000,0x00000000e0000000,0x00000000f1b00000)
  from space 7168K, 99% used [0x00000000f3b00000,0x00000000f41ef200,0x00000000f4200000)
  to   space 19456K, 0% used [0x00000000f1c00000,0x00000000f1c00000,0x00000000f2f00000)
 ParOldGen       total 120320K, used 70122K [0x00000000a0000000, 0x00000000a7580000, 0x00000000e0000000)
  object space 120320K, 58% used [0x00000000a0000000,0x00000000a447a900,0x00000000a7580000)
 Metaspace       used 82462K, capacity 85342K, committed 85464K, reserved 1124352K
  class space    used 10600K, capacity 11146K, committed 11264K, reserved 1048576K
}
Event: 174.087 GC heap before
{Heap before GC invocations=38 (full 3):
 PSYoungGen      total 296960K, used 296892K [0x00000000e0000000, 0x00000000f4200000, 0x0000000100000000)
  eden space 289792K, 100% used [0x00000000e0000000,0x00000000f1b00000,0x00000000f1b00000)
  from space 7168K, 99% used [0x00000000f3b00000,0x00000000f41ef200,0x00000000f4200000)
  to   space 19456K, 0% used [0x00000000f1c00000,0x00000000f1c00000,0x00000000f2f00000)
 ParOldGen       total 120320K, used 70122K [0x00000000a0000000, 0x00000000a7580000, 0x00000000e0000000)
  object space 120320K, 58% used [0x00000000a0000000,0x00000000a447a900,0x00000000a7580000)
 Metaspace       used 85389K, capacity 88264K, committed 88408K, reserved 1126400K
  class space    used 10962K, capacity 11547K, committed 11648K, reserved 1048576K
Event: 174.107 GC heap after
Heap after GC invocations=38 (full 3):
 PSYoungGen      total 297984K, used 19452K [0x00000000e0000000, 0x00000000f4200000, 0x0000000100000000)
  eden space 278528K, 0% used [0x00000000e0000000,0x00000000e0000000,0x00000000f1000000)
  from space 19456K, 99% used [0x00000000f1c00000,0x00000000f2eff1f8,0x00000000f2f00000)
  to   space 19456K, 0% used [0x00000000f2f00000,0x00000000f2f00000,0x00000000f4200000)
 ParOldGen       total 120320K, used 76791K [0x00000000a0000000, 0x00000000a7580000, 0x00000000e0000000)
  object space 120320K, 63% used [0x00000000a0000000,0x00000000a4afdf68,0x00000000a7580000)
 Metaspace       used 85389K, capacity 88264K, committed 88408K, reserved 1126400K
  class space    used 10962K, capacity 11547K, committed 11648K, reserved 1048576K
}

